[WARNING] 
[WARNING] Some problems were encountered while building the effective settings
[WARNING] Unrecognised tag: 'distributionManagement' (position: START_TAG seen ...</mirrors>\n\n    <distributionManagement>... @29:29)  @ /Users/chengxiaojun/.m2/settings.xml, line 29, column 29
[WARNING] 
[INFO] Scanning for projects...
[WARNING] 
[WARNING] Some problems were encountered while building the effective model for com.codebase:codebase-foundation:jar:0.0.1-SNAPSHOT
[WARNING] 'build.plugins.plugin.version' for org.apache.maven.plugins:maven-compiler-plugin is missing. @ com.codebase:codebase:0.0.1-SNAPSHOT, /Users/chengxiaojun/Documents/Workplace/GithubRepository/codebase/pom.xml, line 70, column 21
[WARNING] 
[WARNING] Some problems were encountered while building the effective model for com.codebase:codebase-core:jar:0.0.1-SNAPSHOT
[WARNING] 'build.plugins.plugin.version' for org.apache.maven.plugins:maven-compiler-plugin is missing. @ com.codebase:codebase:0.0.1-SNAPSHOT, /Users/chengxiaojun/Documents/Workplace/GithubRepository/codebase/pom.xml, line 70, column 21
[WARNING] 
[WARNING] Some problems were encountered while building the effective model for com.codebase:codebase-common:jar:0.0.1-SNAPSHOT
[WARNING] 'build.plugins.plugin.version' for org.apache.maven.plugins:maven-compiler-plugin is missing. @ com.codebase:codebase:0.0.1-SNAPSHOT, /Users/chengxiaojun/Documents/Workplace/GithubRepository/codebase/pom.xml, line 70, column 21
[WARNING] 
[WARNING] Some problems were encountered while building the effective model for com.codebase:codebase-framework:jar:0.0.1-SNAPSHOT
[WARNING] 'build.plugins.plugin.version' for org.apache.maven.plugins:maven-compiler-plugin is missing. @ com.codebase:codebase:0.0.1-SNAPSHOT, /Users/chengxiaojun/Documents/Workplace/GithubRepository/codebase/pom.xml, line 70, column 21
[WARNING] 
[WARNING] Some problems were encountered while building the effective model for com.codebase:codebase-console:jar:0.0.1-SNAPSHOT
[WARNING] 'build.plugins.plugin.version' for org.apache.maven.plugins:maven-compiler-plugin is missing. @ line 46, column 21
[WARNING] 
[WARNING] Some problems were encountered while building the effective model for com.codebase:codebase:pom:0.0.1-SNAPSHOT
[WARNING] 'build.plugins.plugin.version' for org.apache.maven.plugins:maven-compiler-plugin is missing. @ line 70, column 21
[WARNING] 
[WARNING] It is highly recommended to fix these problems because they threaten the stability of your build.
[WARNING] 
[WARNING] For this reason, future Maven versions might no longer support building such malformed projects.
[WARNING] 
[INFO] ------------------------------------------------------------------------
[INFO] Reactor Build Order:
[INFO] 
[INFO] codebase
[INFO] codebase-common
[INFO] codebase-foundation
[INFO] codebase-core
[INFO] codebase-framework
[INFO] codebase-console
[INFO]                                                                         
[INFO] ------------------------------------------------------------------------
[INFO] Building codebase 0.0.1-SNAPSHOT
[INFO] ------------------------------------------------------------------------
[INFO] 
[INFO] --- maven-dependency-plugin:2.8:tree (default-cli) @ codebase ---
[INFO] com.codebase:codebase:pom:0.0.1-SNAPSHOT
[INFO]                                                                         
[INFO] ------------------------------------------------------------------------
[INFO] Building codebase-common 0.0.1-SNAPSHOT
[INFO] ------------------------------------------------------------------------
[INFO] 
[INFO] --- maven-dependency-plugin:2.8:tree (default-cli) @ codebase-common ---
[INFO] com.codebase:codebase-common:jar:0.0.1-SNAPSHOT
[INFO] +- org.slf4j:slf4j-api:jar:1.7.12:compile
[INFO] +- com.github.jnr:jnr-posix:jar:3.0.32:compile
[INFO] |  +- com.github.jnr:jnr-ffi:jar:2.1.0:compile
[INFO] |  |  +- com.github.jnr:jffi:jar:1.2.13:compile
[INFO] |  |  +- com.github.jnr:jffi:jar:native:1.2.13:runtime
[INFO] |  |  \- com.github.jnr:jnr-x86asm:jar:1.0.2:compile
[INFO] |  \- com.github.jnr:jnr-constants:jar:0.9.5:compile
[INFO] +- org.ow2.asm:asm:jar:6.2:compile
[INFO] +- org.ow2.asm:asm-commons:jar:6.2:compile
[INFO] +- org.ow2.asm:asm-analysis:jar:6.2:compile
[INFO] +- org.ow2.asm:asm-tree:jar:6.2:compile
[INFO] +- org.ow2.asm:asm-util:jar:6.2:compile
[INFO] +- org.apache.curator:curator-framework:jar:2.10.0:compile
[INFO] |  \- org.apache.curator:curator-client:jar:2.10.0:compile
[INFO] |     +- org.apache.zookeeper:zookeeper:jar:3.4.6:compile
[INFO] |     |  +- log4j:log4j:jar:1.2.16:compile
[INFO] |     |  +- jline:jline:jar:0.9.94:compile
[INFO] |     |  \- io.netty:netty:jar:3.7.0.Final:compile
[INFO] |     \- com.google.guava:guava:jar:16.0.1:compile
[INFO] +- org.apache.curator:curator-recipes:jar:2.10.0:compile
[INFO] \- com.alibaba:fastjson:jar:1.2.7:compile
[INFO]                                                                         
[INFO] ------------------------------------------------------------------------
[INFO] Building codebase-foundation 0.0.1-SNAPSHOT
[INFO] ------------------------------------------------------------------------
[INFO] 
[INFO] --- maven-dependency-plugin:2.8:tree (default-cli) @ codebase-foundation ---
[INFO] com.codebase:codebase-foundation:jar:0.0.1-SNAPSHOT
[INFO] +- com.codebase:codebase-common:jar:0.0.1-SNAPSHOT:compile
[INFO] |  +- com.github.jnr:jnr-posix:jar:3.0.32:compile
[INFO] |  |  +- com.github.jnr:jnr-ffi:jar:2.1.0:compile
[INFO] |  |  |  +- com.github.jnr:jffi:jar:1.2.13:compile
[INFO] |  |  |  +- com.github.jnr:jffi:jar:native:1.2.13:runtime
[INFO] |  |  |  \- com.github.jnr:jnr-x86asm:jar:1.0.2:compile
[INFO] |  |  \- com.github.jnr:jnr-constants:jar:0.9.5:compile
[INFO] |  +- org.ow2.asm:asm:jar:6.2:compile
[INFO] |  +- org.ow2.asm:asm-commons:jar:6.2:compile
[INFO] |  +- org.ow2.asm:asm-analysis:jar:6.2:compile
[INFO] |  +- org.ow2.asm:asm-tree:jar:6.2:compile
[INFO] |  +- org.ow2.asm:asm-util:jar:6.2:compile
[INFO] |  +- org.apache.curator:curator-framework:jar:2.10.0:compile
[INFO] |  |  \- org.apache.curator:curator-client:jar:2.10.0:compile
[INFO] |  |     +- org.apache.zookeeper:zookeeper:jar:3.4.6:compile
[INFO] |  |     |  +- log4j:log4j:jar:1.2.16:compile
[INFO] |  |     |  +- jline:jline:jar:0.9.94:compile
[INFO] |  |     |  \- io.netty:netty:jar:3.7.0.Final:compile
[INFO] |  |     \- com.google.guava:guava:jar:16.0.1:compile
[INFO] |  \- org.apache.curator:curator-recipes:jar:2.10.0:compile
[INFO] +- org.slf4j:slf4j-api:jar:1.7.12:compile
[INFO] +- io.netty:netty-all:jar:4.0.24.Final:compile
[INFO] +- com.alibaba:fastjson:jar:1.2.7:compile
[INFO] +- com.sun:tools:jar:1.8:system
[INFO] \- junit:junit:jar:4.12:compile
[INFO]    \- org.hamcrest:hamcrest-core:jar:1.3:compile
[INFO]                                                                         
[INFO] ------------------------------------------------------------------------
[INFO] Building codebase-core 0.0.1-SNAPSHOT
[INFO] ------------------------------------------------------------------------
[INFO] 
[INFO] --- maven-dependency-plugin:2.8:tree (default-cli) @ codebase-core ---
[INFO] com.codebase:codebase-core:jar:0.0.1-SNAPSHOT
[INFO] +- com.codebase:codebase-common:jar:0.0.1-SNAPSHOT:compile
[INFO] |  +- org.slf4j:slf4j-api:jar:1.7.12:compile
[INFO] |  +- com.github.jnr:jnr-posix:jar:3.0.32:compile
[INFO] |  |  +- com.github.jnr:jnr-ffi:jar:2.1.0:compile
[INFO] |  |  |  +- com.github.jnr:jffi:jar:1.2.13:compile
[INFO] |  |  |  +- com.github.jnr:jffi:jar:native:1.2.13:runtime
[INFO] |  |  |  \- com.github.jnr:jnr-x86asm:jar:1.0.2:compile
[INFO] |  |  \- com.github.jnr:jnr-constants:jar:0.9.5:compile
[INFO] |  +- org.ow2.asm:asm:jar:6.2:compile
[INFO] |  +- org.ow2.asm:asm-commons:jar:6.2:compile
[INFO] |  +- org.ow2.asm:asm-analysis:jar:6.2:compile
[INFO] |  +- org.ow2.asm:asm-tree:jar:6.2:compile
[INFO] |  +- org.ow2.asm:asm-util:jar:6.2:compile
[INFO] |  +- org.apache.curator:curator-framework:jar:2.10.0:compile
[INFO] |  |  \- org.apache.curator:curator-client:jar:2.10.0:compile
[INFO] |  |     +- org.apache.zookeeper:zookeeper:jar:3.4.6:compile
[INFO] |  |     |  +- log4j:log4j:jar:1.2.16:compile
[INFO] |  |     |  +- jline:jline:jar:0.9.94:compile
[INFO] |  |     |  \- io.netty:netty:jar:3.7.0.Final:compile
[INFO] |  |     \- com.google.guava:guava:jar:16.0.1:compile
[INFO] |  +- org.apache.curator:curator-recipes:jar:2.10.0:compile
[INFO] |  \- com.alibaba:fastjson:jar:1.2.7:compile
[INFO] +- ch.qos.logback:logback-classic:jar:1.1.7:compile
[INFO] \- ch.qos.logback:logback-core:jar:1.1.7:compile
[INFO]                                                                         
[INFO] ------------------------------------------------------------------------
[INFO] Building codebase-framework 0.0.1-SNAPSHOT
[INFO] ------------------------------------------------------------------------
[INFO] 
[INFO] --- maven-dependency-plugin:2.8:tree (default-cli) @ codebase-framework ---
[INFO] com.codebase:codebase-framework:jar:0.0.1-SNAPSHOT
[INFO] +- com.youzan.platform:bootstrap:jar:3.1.0-RELEASE:compile
[INFO] |  +- io.netty:netty:jar:3.7.0.Final:compile
[INFO] |  +- com.fasterxml.jackson.core:jackson-core:jar:2.8.6:compile
[INFO] |  +- com.fasterxml.jackson.core:jackson-databind:jar:2.8.6:compile
[INFO] |  +- com.fasterxml.jackson.core:jackson-annotations:jar:2.8.6:compile
[INFO] |  +- com.fasterxml.jackson.module:jackson-module-afterburner:jar:2.8.6:compile
[INFO] |  +- org.apache.httpcomponents:httpclient:jar:4.5.2:compile
[INFO] |  +- org.apache.httpcomponents:httpcore:jar:4.4.5:compile
[INFO] |  +- org.apache.httpcomponents:httpasyncclient:jar:4.1.2:compile
[INFO] |  +- com.youzan.platform:haunt-client:jar:3.0.7-RELEASE:compile
[INFO] |  +- com.youzan.nova.framework:framework-cat:jar:1.0.7-RELEASE:compile
[INFO] |  |  \- com.dianping.cat:cat-client:jar:2.0.0-RELEASE:compile
[INFO] |  |     \- org.unidal.framework:foundation-service:jar:2.5.0:compile
[INFO] |  |        +- org.codehaus.plexus:plexus-container-default:jar:1.6:compile
[INFO] |  |        |  +- org.codehaus.plexus:plexus-classworlds:jar:2.5.1:compile
[INFO] |  |        |  \- org.apache.xbean:xbean-reflect:jar:3.7:compile
[INFO] |  |        \- org.codehaus.plexus:plexus-utils:jar:3.0.24:compile
[INFO] |  +- com.youzan.platform:commons-util:jar:2.0.0-SNAPSHOT:compile
[INFO] |  |  +- commons-beanutils:commons-beanutils-core:jar:1.8.3:compile
[INFO] |  |  +- commons-beanutils:commons-beanutils:jar:1.8.3:compile
[INFO] |  |  \- org.codehaus.jackson:jackson-mapper-asl:jar:1.9.12:compile
[INFO] |  +- com.github.sgroschupf:zkclient:jar:0.1:compile
[INFO] |  +- org.slf4j:slf4j-api:jar:1.7.7:compile
[INFO] |  +- org.slf4j:jcl-over-slf4j:jar:1.7.7:compile
[INFO] |  +- org.slf4j:log4j-over-slf4j:jar:1.7.7:compile
[INFO] |  +- org.springframework:spring-jdbc:jar:3.2.13.RELEASE:compile
[INFO] |  +- org.springframework:spring-orm:jar:3.2.13.RELEASE:compile
[INFO] |  +- org.springframework:spring-aspects:jar:3.2.13.RELEASE:compile
[INFO] |  +- dom4j:dom4j:jar:1.6.1:compile
[INFO] |  |  \- xml-apis:xml-apis:jar:1.0.b2:compile
[INFO] |  +- org.jboss.resteasy:resteasy-jaxrs:jar:3.0.7.youzan-SNAPSHOT:compile
[INFO] |  |  +- org.jboss.spec.javax.annotation:jboss-annotations-api_1.1_spec:jar:1.0.1.Final:compile
[INFO] |  |  +- javax.activation:activation:jar:1.1:compile
[INFO] |  |  +- commons-io:commons-io:jar:2.1:compile
[INFO] |  |  \- net.jcip:jcip-annotations:jar:1.0:compile
[INFO] |  +- org.jboss.resteasy:resteasy-client:jar:3.0.7.Final:compile
[INFO] |  +- org.jboss.resteasy:jaxrs-api:jar:3.0.7.Final:compile
[INFO] |  +- javax.validation:validation-api:jar:1.0.0.GA:compile
[INFO] |  +- org.jboss.resteasy:resteasy-netty:jar:3.0.7.Final:compile
[INFO] |  +- org.jboss.resteasy:resteasy-jackson-provider:jar:3.0.7.Final:compile
[INFO] |  |  +- org.codehaus.jackson:jackson-core-asl:jar:1.9.12:compile
[INFO] |  |  +- org.codehaus.jackson:jackson-jaxrs:jar:1.9.12:compile
[INFO] |  |  \- org.codehaus.jackson:jackson-xc:jar:1.9.12:compile
[INFO] |  +- org.apache.thrift:libthrift:jar:0.9.2:compile
[INFO] |  +- com.youzan:hawk-collect:jar:1.0.8-RELEASE:compile
[INFO] |  |  +- com.youzan:hawk-common:jar:1.0.8-RELEASE:compile
[INFO] |  |  |  \- org.apache.commons:commons-math3:jar:3.3:compile
[INFO] |  |  \- com.squareup.retrofit:retrofit:jar:1.9.0:compile
[INFO] |  \- com.youzan.platform:track-appender:jar:0.0.6-RELEASE:compile
[INFO] +- com.youzan.replay:replay-core-api:jar:1.1.9-SNAPSHOT:compile
[INFO] |  +- com.youzan:common-model:jar:1.0.1-RELEASE:compile
[INFO] |  +- com.google.guava:guava:jar:19.0:compile
[INFO] |  +- net.jpountz.lz4:lz4:jar:1.3.0:compile
[INFO] |  +- com.youzan.nova.framework:framework-diamond:jar:1.0.0-RELEASE:compile
[INFO] |  |  \- com.youzan.trade.diamond:config-client:jar:1.0.0-SNAPSHOT:compile
[INFO] |  |     +- com.youzan.trade.diamond:config-utils:jar:1.0.0-SNAPSHOT:compile
[INFO] |  |     |  +- org.codehaus.jackson:jackson-core-lgpl:jar:1.9.13:compile
[INFO] |  |     |  \- org.codehaus.jackson:jackson-mapper-lgpl:jar:1.9.13:compile
[INFO] |  |     +- commons-httpclient:commons-httpclient:jar:3.1:compile
[INFO] |  |     \- commons-lang:commons-lang:jar:2.6:compile
[INFO] |  +- com.youzan:DCC-Client:jar:1.1.0622-RELEASE:compile
[INFO] |  |  +- org.slf4j:jul-to-slf4j:jar:1.7.6:compile
[INFO] |  |  +- com.youzan:httpasyncclient:jar:4.1.2-RELEASE:compile
[INFO] |  |  \- commons-validator:commons-validator:jar:1.5.1:compile
[INFO] |  |     +- commons-digester:commons-digester:jar:1.8.1:compile
[INFO] |  |     \- commons-collections:commons-collections:jar:3.2.2:compile
[INFO] |  +- com.youzan:NSQ-Client:jar:2.4.0.1-RELEASE:compile
[INFO] |  |  +- org.apache.commons:commons-pool2:jar:2.4.2:compile
[INFO] |  |  \- org.apache.commons:commons-compress:jar:1.14:compile
[INFO] |  \- com.youzan.platform:spring-nsq:jar:1.0.3-RELEASE:compile
[INFO] +- com.codebase:codebase-common:jar:0.0.1-SNAPSHOT:compile
[INFO] |  +- org.ow2.asm:asm-commons:jar:6.2:compile
[INFO] |  +- org.ow2.asm:asm-analysis:jar:6.2:compile
[INFO] |  +- org.ow2.asm:asm-tree:jar:6.2:compile
[INFO] |  +- org.ow2.asm:asm-util:jar:6.2:compile
[INFO] |  +- org.apache.curator:curator-framework:jar:2.10.0:compile
[INFO] |  |  \- org.apache.curator:curator-client:jar:2.10.0:compile
[INFO] |  \- org.apache.curator:curator-recipes:jar:2.10.0:compile
[INFO] +- com.alibaba:fastjson:jar:1.2.7:compile
[INFO] +- org.mortbay.jetty:jetty:jar:6.1.26:compile
[INFO] |  +- org.mortbay.jetty:jetty-util:jar:6.1.26:compile
[INFO] |  \- org.mortbay.jetty:servlet-api:jar:2.5-20081211:compile
[INFO] +- com.github.jnr:jnr-posix:jar:3.0.32:compile
[INFO] |  +- com.github.jnr:jnr-ffi:jar:2.1.0:compile
[INFO] |  |  +- com.github.jnr:jffi:jar:1.2.13:compile
[INFO] |  |  +- com.github.jnr:jffi:jar:native:1.2.13:runtime
[INFO] |  |  \- com.github.jnr:jnr-x86asm:jar:1.0.2:compile
[INFO] |  \- com.github.jnr:jnr-constants:jar:0.9.5:compile
[INFO] +- com.linkedin.paldb:paldb:jar:1.2.0:compile
[INFO] |  \- org.xerial.snappy:snappy-java:jar:1.0.5:compile
[INFO] +- com.spotify.sparkey:sparkey:jar:2.1.3:compile
[INFO] +- com.amazonaws:aws-java-sdk:jar:1.10.68:compile
[INFO] |  +- com.amazonaws:aws-java-sdk-support:jar:1.10.68:compile
[INFO] |  +- com.amazonaws:aws-java-sdk-simpledb:jar:1.10.68:compile
[INFO] |  +- com.amazonaws:aws-java-sdk-simpleworkflow:jar:1.10.68:compile
[INFO] |  +- com.amazonaws:aws-java-sdk-storagegateway:jar:1.10.68:compile
[INFO] |  +- com.amazonaws:aws-java-sdk-route53:jar:1.10.68:compile
[INFO] |  +- com.amazonaws:aws-java-sdk-s3:jar:1.10.68:compile
[INFO] |  +- com.amazonaws:aws-java-sdk-importexport:jar:1.10.68:compile
[INFO] |  +- com.amazonaws:aws-java-sdk-sts:jar:1.10.68:compile
[INFO] |  +- com.amazonaws:aws-java-sdk-sqs:jar:1.10.68:compile
[INFO] |  +- com.amazonaws:aws-java-sdk-rds:jar:1.10.68:compile
[INFO] |  +- com.amazonaws:aws-java-sdk-redshift:jar:1.10.68:compile
[INFO] |  +- com.amazonaws:aws-java-sdk-elasticbeanstalk:jar:1.10.68:compile
[INFO] |  +- com.amazonaws:aws-java-sdk-glacier:jar:1.10.68:compile
[INFO] |  +- com.amazonaws:aws-java-sdk-iam:jar:1.10.68:compile
[INFO] |  +- com.amazonaws:aws-java-sdk-datapipeline:jar:1.10.68:compile
[INFO] |  +- com.amazonaws:aws-java-sdk-elasticloadbalancing:jar:1.10.68:compile
[INFO] |  +- com.amazonaws:aws-java-sdk-emr:jar:1.10.68:compile
[INFO] |  +- com.amazonaws:aws-java-sdk-elasticache:jar:1.10.68:compile
[INFO] |  +- com.amazonaws:aws-java-sdk-elastictranscoder:jar:1.10.68:compile
[INFO] |  +- com.amazonaws:aws-java-sdk-ec2:jar:1.10.68:compile
[INFO] |  +- com.amazonaws:aws-java-sdk-dynamodb:jar:1.10.68:compile
[INFO] |  +- com.amazonaws:aws-java-sdk-sns:jar:1.10.68:compile
[INFO] |  +- com.amazonaws:aws-java-sdk-cloudtrail:jar:1.10.68:compile
[INFO] |  +- com.amazonaws:aws-java-sdk-cloudwatch:jar:1.10.68:compile
[INFO] |  +- com.amazonaws:aws-java-sdk-logs:jar:1.10.68:compile
[INFO] |  +- com.amazonaws:aws-java-sdk-events:jar:1.10.68:compile
[INFO] |  +- com.amazonaws:aws-java-sdk-cognitoidentity:jar:1.10.68:compile
[INFO] |  +- com.amazonaws:aws-java-sdk-cognitosync:jar:1.10.68:compile
[INFO] |  +- com.amazonaws:aws-java-sdk-directconnect:jar:1.10.68:compile
[INFO] |  +- com.amazonaws:aws-java-sdk-cloudformation:jar:1.10.68:compile
[INFO] |  +- com.amazonaws:aws-java-sdk-cloudfront:jar:1.10.68:compile
[INFO] |  +- com.amazonaws:aws-java-sdk-kinesis:jar:1.10.68:compile
[INFO] |  +- com.amazonaws:aws-java-sdk-opsworks:jar:1.10.68:compile
[INFO] |  +- com.amazonaws:aws-java-sdk-ses:jar:1.10.68:compile
[INFO] |  +- com.amazonaws:aws-java-sdk-autoscaling:jar:1.10.68:compile
[INFO] |  +- com.amazonaws:aws-java-sdk-cloudsearch:jar:1.10.68:compile
[INFO] |  +- com.amazonaws:aws-java-sdk-cloudwatchmetrics:jar:1.10.68:compile
[INFO] |  +- com.amazonaws:aws-java-sdk-swf-libraries:jar:1.10.68:compile
[INFO] |  +- com.amazonaws:aws-java-sdk-codedeploy:jar:1.10.68:compile
[INFO] |  +- com.amazonaws:aws-java-sdk-codepipeline:jar:1.10.68:compile
[INFO] |  +- com.amazonaws:aws-java-sdk-kms:jar:1.10.68:compile
[INFO] |  +- com.amazonaws:aws-java-sdk-config:jar:1.10.68:compile
[INFO] |  +- com.amazonaws:aws-java-sdk-lambda:jar:1.10.68:compile
[INFO] |  +- com.amazonaws:aws-java-sdk-ecs:jar:1.10.68:compile
[INFO] |  +- com.amazonaws:aws-java-sdk-ecr:jar:1.10.68:compile
[INFO] |  +- com.amazonaws:aws-java-sdk-cloudhsm:jar:1.10.68:compile
[INFO] |  +- com.amazonaws:aws-java-sdk-ssm:jar:1.10.68:compile
[INFO] |  +- com.amazonaws:aws-java-sdk-workspaces:jar:1.10.68:compile
[INFO] |  +- com.amazonaws:aws-java-sdk-machinelearning:jar:1.10.68:compile
[INFO] |  +- com.amazonaws:aws-java-sdk-directory:jar:1.10.68:compile
[INFO] |  +- com.amazonaws:aws-java-sdk-efs:jar:1.10.68:compile
[INFO] |  +- com.amazonaws:aws-java-sdk-codecommit:jar:1.10.68:compile
[INFO] |  +- com.amazonaws:aws-java-sdk-devicefarm:jar:1.10.68:compile
[INFO] |  +- com.amazonaws:aws-java-sdk-elasticsearch:jar:1.10.68:compile
[INFO] |  +- com.amazonaws:aws-java-sdk-waf:jar:1.10.68:compile
[INFO] |  +- com.amazonaws:aws-java-sdk-marketplacecommerceanalytics:jar:1.10.68:compile
[INFO] |  +- com.amazonaws:aws-java-sdk-inspector:jar:1.10.68:compile
[INFO] |  +- com.amazonaws:aws-java-sdk-iot:jar:1.10.68:compile
[INFO] |  +- com.amazonaws:aws-java-sdk-api-gateway:jar:1.10.68:compile
[INFO] |  +- com.amazonaws:aws-java-sdk-acm:jar:1.10.68:compile
[INFO] |  +- com.amazonaws:aws-java-sdk-gamelift:jar:1.10.68:compile
[INFO] |  +- com.amazonaws:aws-java-sdk-dms:jar:1.10.68:compile
[INFO] |  +- com.amazonaws:aws-java-sdk-marketplacemeteringservice:jar:1.10.68:compile
[INFO] |  \- com.amazonaws:aws-java-sdk-core:jar:1.10.68:compile
[INFO] |     \- com.fasterxml.jackson.dataformat:jackson-dataformat-cbor:jar:2.5.3:compile
[INFO] +- org.mapdb:elsa:jar:3.0.0-M6:compile
[INFO] +- org.springframework:spring-beans:jar:4.1.2.RELEASE:compile
[INFO] +- org.springframework:spring-expression:jar:4.1.2.RELEASE:compile
[INFO] +- org.springframework:spring-context:jar:4.1.2.RELEASE:compile
[INFO] +- org.springframework:spring-core:jar:4.1.2.RELEASE:compile
[INFO] |  \- commons-logging:commons-logging:jar:1.1.3:compile
[INFO] +- org.springframework:spring-context-support:jar:4.1.2.RELEASE:compile
[INFO] +- org.springframework:spring-web:jar:4.1.2.RELEASE:compile
[INFO] +- org.springframework:spring-webmvc:jar:4.1.2.RELEASE:compile
[INFO] +- org.springframework:spring-test:jar:4.1.2.RELEASE:test
[INFO] +- org.springframework:spring-aop:jar:4.1.2.RELEASE:compile
[INFO] |  \- aopalliance:aopalliance:jar:1.0:compile
[INFO] +- org.aspectj:aspectjrt:jar:1.6.8:compile
[INFO] +- org.aspectj:aspectjweaver:jar:1.6.8:compile
[INFO] +- com.alibaba:dubbo:jar:3.1.0-RELEASE:compile
[INFO] |  +- javax.servlet:javax.servlet-api:jar:3.1.0:compile
[INFO] |  +- log4j:log4j:jar:1.2.16:compile
[INFO] |  +- com.youzan:lightning-sdk:jar:0.1.1-SNAPSHOT:compile
[INFO] |  +- commons-codec:commons-codec:jar:1.9:compile
[INFO] |  +- commons-pool:commons-pool:jar:1.6:compile
[INFO] |  +- com.youzan.platform:service-chain-container:jar:1.0.0-RELEASE:compile
[INFO] |  +- org.apache.httpcomponents:httpcore-nio:jar:4.4.5:compile
[INFO] |  +- com.google.code.gson:gson:jar:2.2.4:compile
[INFO] |  +- org.apache.commons:commons-lang3:jar:3.3.2:compile
[INFO] |  \- org.mousio:etcd4j:jar:2.13.0:compile
[INFO] +- com.caucho:hessian:jar:4.0.7:compile
[INFO] +- org.apache.zookeeper:zookeeper:jar:3.4.6:compile
[INFO] |  \- jline:jline:jar:0.9.94:compile
[INFO] +- com.101tec:zkclient:jar:0.7:compile
[INFO] +- org.mybatis:mybatis:jar:3.3.1:compile
[INFO] +- org.mybatis.generator:mybatis-generator-core:jar:1.3.5:compile
[INFO] +- org.mybatis:mybatis-spring:jar:1.1.1:compile
[INFO] |  \- org.springframework:spring-tx:jar:3.1.1.RELEASE:compile
[INFO] +- mysql:mysql-connector-java:jar:5.1.21:compile
[INFO] +- com.alibaba:druid:jar:1.0.28:compile
[INFO] |  +- com.alibaba:jconsole:jar:1.8.0:system
[INFO] |  \- com.alibaba:tools:jar:1.8.0:system
[INFO] +- io.dropwizard.metrics:metrics-core:jar:3.1.0:compile
[INFO] +- io.dropwizard.metrics:metrics-healthchecks:jar:3.1.0:compile
[INFO] +- org.projectlombok:lombok:jar:1.16.2:compile
[INFO] +- com.netflix.hystrix:hystrix-core:jar:1.5.12:compile
[INFO] |  +- com.netflix.archaius:archaius-core:jar:0.4.1:compile
[INFO] |  |  \- commons-configuration:commons-configuration:jar:1.8:compile
[INFO] |  +- io.reactivex:rxjava:jar:1.2.0:compile
[INFO] |  \- org.hdrhistogram:HdrHistogram:jar:2.1.9:compile
[INFO] +- com.netflix.hystrix:hystrix-metrics-event-stream:jar:1.5.12:compile
[INFO] |  \- com.netflix.hystrix:hystrix-serialization:jar:1.5.12:runtime
[INFO] +- com.netflix.hystrix:hystrix-javanica:jar:1.5.12:compile
[INFO] |  \- com.google.code.findbugs:jsr305:jar:2.0.0:compile
[INFO] +- com.netflix.hystrix:hystrix-servo-metrics-publisher:jar:1.5.12:compile
[INFO] |  \- com.netflix.servo:servo-core:jar:0.10.1:compile
[INFO] |     +- com.google.code.findbugs:annotations:jar:2.0.0:runtime
[INFO] |     \- com.netflix.servo:servo-internal:jar:0.10.1:runtime
[INFO] +- joda-time:joda-time:jar:2.9.7:compile
[INFO] +- net.bytebuddy:byte-buddy:jar:1.8.0:compile
[INFO] +- org.ow2.asm:asm:jar:6.2:compile
[INFO] +- org.javassist:javassist:jar:3.21.0-GA:compile
[INFO] +- cglib:cglib:jar:3.2.5:compile
[INFO] |  \- org.apache.ant:ant:jar:1.9.6:compile
[INFO] |     \- org.apache.ant:ant-launcher:jar:1.9.6:compile
[INFO] +- org.apache.bcel:bcel:jar:6.1:compile
[INFO] +- org.mockito:mockito-all:jar:1.10.19:compile
[INFO] +- com.dyuproject.protostuff:protostuff-core:jar:1.0.8:compile
[INFO] |  \- com.dyuproject.protostuff:protostuff-api:jar:1.0.8:compile
[INFO] +- com.dyuproject.protostuff:protostuff-runtime:jar:1.0.8:compile
[INFO] |  \- com.dyuproject.protostuff:protostuff-collectionschema:jar:1.0.8:compile
[INFO] +- ch.qos.logback:logback-classic:jar:1.1.7:compile
[INFO] +- ch.qos.logback:logback-core:jar:1.1.7:compile
[INFO] +- org.codehaus.groovy:groovy-all:jar:2.4.8:compile
[INFO] +- junit:junit:jar:4.11:compile
[INFO] |  \- org.hamcrest:hamcrest-core:jar:1.3:compile
[INFO] +- org.testng:testng:jar:6.10:test
[INFO] |  \- com.beust:jcommander:jar:1.48:test
[INFO] \- io.netty:netty-all:jar:4.1.17.Final:compile
[INFO]                                                                         
[INFO] ------------------------------------------------------------------------
[INFO] Building codebase-console 0.0.1-SNAPSHOT
[INFO] ------------------------------------------------------------------------
[INFO] 
[INFO] --- maven-dependency-plugin:2.8:tree (default-cli) @ codebase-console ---
[INFO] com.codebase:codebase-console:jar:0.0.1-SNAPSHOT
[INFO] +- org.slf4j:slf4j-api:jar:1.7.12:compile
[INFO] +- ch.qos.logback:logback-classic:jar:1.1.7:compile
[INFO] +- ch.qos.logback:logback-core:jar:1.1.7:compile
[INFO] \- junit:junit:jar:4.11:compile
[INFO]    \- org.hamcrest:hamcrest-core:jar:1.3:compile
[INFO] ------------------------------------------------------------------------
[INFO] Reactor Summary:
[INFO] 
[INFO] codebase ........................................... SUCCESS [  0.967 s]
[INFO] codebase-common .................................... SUCCESS [  0.180 s]
[INFO] codebase-foundation ................................ SUCCESS [  0.042 s]
[INFO] codebase-core ...................................... SUCCESS [  0.033 s]
[INFO] codebase-framework ................................. SUCCESS [  0.994 s]
[INFO] codebase-console ................................... SUCCESS [  0.031 s]
[INFO] ------------------------------------------------------------------------
[INFO] BUILD SUCCESS
[INFO] ------------------------------------------------------------------------
[INFO] Total time: 2.881 s
[INFO] Finished at: 2019-01-19T14:30:04+08:00
[INFO] Final Memory: 20M/226M
[INFO] ------------------------------------------------------------------------
